[16-Sep-2017 14:34:35 Etc/GMT] PHP Warning:  include(/home/druklink/public_html/bayfiles/vendor/composer/../../app/Http/Kernel.php): failed to open stream: No such file or directory in /home/druklink/public_html/bayfiles/vendor/composer/ClassLoader.php on line 444
[16-Sep-2017 14:34:35 Etc/GMT] PHP Warning:  include(): Failed opening '/home/druklink/public_html/bayfiles/vendor/composer/../../app/Http/Kernel.php' for inclusion (include_path='.:/opt/alt/php70/usr/share/pear') in /home/druklink/public_html/bayfiles/vendor/composer/ClassLoader.php on line 444
[16-Sep-2017 14:34:35 Etc/GMT] PHP Fatal error:  Uncaught ReflectionException: Class App\Http\Kernel does not exist in /home/druklink/public_html/bayfiles/vendor/laravel/framework/src/Illuminate/Container/Container.php:749
Stack trace:
#0 /home/druklink/public_html/bayfiles/vendor/laravel/framework/src/Illuminate/Container/Container.php(749): ReflectionClass->__construct('App\\Http\\Kernel')
#1 /home/druklink/public_html/bayfiles/vendor/laravel/framework/src/Illuminate/Container/Container.php(644): Illuminate\Container\Container->build('App\\Http\\Kernel', Array)
#2 /home/druklink/public_html/bayfiles/vendor/laravel/framework/src/Illuminate/Foundation/Application.php(709): Illuminate\Container\Container->make('App\\Http\\Kernel', Array)
#3 /home/druklink/public_html/bayfiles/vendor/laravel/framework/src/Illuminate/Container/Container.php(231): Illuminate\Foundation\Application->make('App\\Http\\Kernel', Array)
#4 /home/druklink/public_html/bayfiles/vendor/laravel/framework/src/Illuminate/Container/Container.php(746): Illuminate\Container\Container->Illumina in /home/druklink/public_html/bayfiles/vendor/laravel/framework/src/Illuminate/Container/Container.php on line 749
[16-Sep-2017 14:34:43 Etc/GMT] PHP Warning:  include(/home/druklink/public_html/bayfiles/vendor/composer/../../app/Http/Kernel.php): failed to open stream: No such file or directory in /home/druklink/public_html/bayfiles/vendor/composer/ClassLoader.php on line 444
[16-Sep-2017 14:34:43 Etc/GMT] PHP Warning:  include(): Failed opening '/home/druklink/public_html/bayfiles/vendor/composer/../../app/Http/Kernel.php' for inclusion (include_path='.:/opt/alt/php70/usr/share/pear') in /home/druklink/public_html/bayfiles/vendor/composer/ClassLoader.php on line 444
[16-Sep-2017 14:34:43 Etc/GMT] PHP Fatal error:  Uncaught ReflectionException: Class App\Http\Kernel does not exist in /home/druklink/public_html/bayfiles/vendor/laravel/framework/src/Illuminate/Container/Container.php:749
Stack trace:
#0 /home/druklink/public_html/bayfiles/vendor/laravel/framework/src/Illuminate/Container/Container.php(749): ReflectionClass->__construct('App\\Http\\Kernel')
#1 /home/druklink/public_html/bayfiles/vendor/laravel/framework/src/Illuminate/Container/Container.php(644): Illuminate\Container\Container->build('App\\Http\\Kernel', Array)
#2 /home/druklink/public_html/bayfiles/vendor/laravel/framework/src/Illuminate/Foundation/Application.php(709): Illuminate\Container\Container->make('App\\Http\\Kernel', Array)
#3 /home/druklink/public_html/bayfiles/vendor/laravel/framework/src/Illuminate/Container/Container.php(231): Illuminate\Foundation\Application->make('App\\Http\\Kernel', Array)
#4 /home/druklink/public_html/bayfiles/vendor/laravel/framework/src/Illuminate/Container/Container.php(746): Illuminate\Container\Container->Illumina in /home/druklink/public_html/bayfiles/vendor/laravel/framework/src/Illuminate/Container/Container.php on line 749
[16-Sep-2017 14:34:54 Etc/GMT] PHP Warning:  include(/home/druklink/public_html/bayfiles/vendor/composer/../../app/Http/Kernel.php): failed to open stream: No such file or directory in /home/druklink/public_html/bayfiles/vendor/composer/ClassLoader.php on line 444
[16-Sep-2017 14:34:54 Etc/GMT] PHP Warning:  include(): Failed opening '/home/druklink/public_html/bayfiles/vendor/composer/../../app/Http/Kernel.php' for inclusion (include_path='.:/opt/alt/php70/usr/share/pear') in /home/druklink/public_html/bayfiles/vendor/composer/ClassLoader.php on line 444
[16-Sep-2017 14:34:54 Etc/GMT] PHP Fatal error:  Uncaught ReflectionException: Class App\Http\Kernel does not exist in /home/druklink/public_html/bayfiles/vendor/laravel/framework/src/Illuminate/Container/Container.php:749
Stack trace:
#0 /home/druklink/public_html/bayfiles/vendor/laravel/framework/src/Illuminate/Container/Container.php(749): ReflectionClass->__construct('App\\Http\\Kernel')
#1 /home/druklink/public_html/bayfiles/vendor/laravel/framework/src/Illuminate/Container/Container.php(644): Illuminate\Container\Container->build('App\\Http\\Kernel', Array)
#2 /home/druklink/public_html/bayfiles/vendor/laravel/framework/src/Illuminate/Foundation/Application.php(709): Illuminate\Container\Container->make('App\\Http\\Kernel', Array)
#3 /home/druklink/public_html/bayfiles/vendor/laravel/framework/src/Illuminate/Container/Container.php(231): Illuminate\Foundation\Application->make('App\\Http\\Kernel', Array)
#4 /home/druklink/public_html/bayfiles/vendor/laravel/framework/src/Illuminate/Container/Container.php(746): Illuminate\Container\Container->Illumina in /home/druklink/public_html/bayfiles/vendor/laravel/framework/src/Illuminate/Container/Container.php on line 749
[16-Sep-2017 14:35:03 Etc/GMT] PHP Warning:  include(/home/druklink/public_html/bayfiles/vendor/composer/../../app/Http/Kernel.php): failed to open stream: No such file or directory in /home/druklink/public_html/bayfiles/vendor/composer/ClassLoader.php on line 444
[16-Sep-2017 14:35:03 Etc/GMT] PHP Warning:  include(): Failed opening '/home/druklink/public_html/bayfiles/vendor/composer/../../app/Http/Kernel.php' for inclusion (include_path='.:/opt/alt/php70/usr/share/pear') in /home/druklink/public_html/bayfiles/vendor/composer/ClassLoader.php on line 444
[16-Sep-2017 14:35:03 Etc/GMT] PHP Fatal error:  Uncaught ReflectionException: Class App\Http\Kernel does not exist in /home/druklink/public_html/bayfiles/vendor/laravel/framework/src/Illuminate/Container/Container.php:749
Stack trace:
#0 /home/druklink/public_html/bayfiles/vendor/laravel/framework/src/Illuminate/Container/Container.php(749): ReflectionClass->__construct('App\\Http\\Kernel')
#1 /home/druklink/public_html/bayfiles/vendor/laravel/framework/src/Illuminate/Container/Container.php(644): Illuminate\Container\Container->build('App\\Http\\Kernel', Array)
#2 /home/druklink/public_html/bayfiles/vendor/laravel/framework/src/Illuminate/Foundation/Application.php(709): Illuminate\Container\Container->make('App\\Http\\Kernel', Array)
#3 /home/druklink/public_html/bayfiles/vendor/laravel/framework/src/Illuminate/Container/Container.php(231): Illuminate\Foundation\Application->make('App\\Http\\Kernel', Array)
#4 /home/druklink/public_html/bayfiles/vendor/laravel/framework/src/Illuminate/Container/Container.php(746): Illuminate\Container\Container->Illumina in /home/druklink/public_html/bayfiles/vendor/laravel/framework/src/Illuminate/Container/Container.php on line 749
[16-Sep-2017 14:35:10 Etc/GMT] PHP Warning:  include(/home/druklink/public_html/bayfiles/vendor/composer/../../app/Http/Kernel.php): failed to open stream: No such file or directory in /home/druklink/public_html/bayfiles/vendor/composer/ClassLoader.php on line 444
[16-Sep-2017 14:35:10 Etc/GMT] PHP Warning:  include(): Failed opening '/home/druklink/public_html/bayfiles/vendor/composer/../../app/Http/Kernel.php' for inclusion (include_path='.:/opt/alt/php70/usr/share/pear') in /home/druklink/public_html/bayfiles/vendor/composer/ClassLoader.php on line 444
[16-Sep-2017 14:35:10 Etc/GMT] PHP Fatal error:  Uncaught ReflectionException: Class App\Http\Kernel does not exist in /home/druklink/public_html/bayfiles/vendor/laravel/framework/src/Illuminate/Container/Container.php:749
Stack trace:
#0 /home/druklink/public_html/bayfiles/vendor/laravel/framework/src/Illuminate/Container/Container.php(749): ReflectionClass->__construct('App\\Http\\Kernel')
#1 /home/druklink/public_html/bayfiles/vendor/laravel/framework/src/Illuminate/Container/Container.php(644): Illuminate\Container\Container->build('App\\Http\\Kernel', Array)
#2 /home/druklink/public_html/bayfiles/vendor/laravel/framework/src/Illuminate/Foundation/Application.php(709): Illuminate\Container\Container->make('App\\Http\\Kernel', Array)
#3 /home/druklink/public_html/bayfiles/vendor/laravel/framework/src/Illuminate/Container/Container.php(231): Illuminate\Foundation\Application->make('App\\Http\\Kernel', Array)
#4 /home/druklink/public_html/bayfiles/vendor/laravel/framework/src/Illuminate/Container/Container.php(746): Illuminate\Container\Container->Illumina in /home/druklink/public_html/bayfiles/vendor/laravel/framework/src/Illuminate/Container/Container.php on line 749
[16-Sep-2017 14:35:11 Etc/GMT] PHP Warning:  include(/home/druklink/public_html/bayfiles/vendor/composer/../../app/Http/Kernel.php): failed to open stream: No such file or directory in /home/druklink/public_html/bayfiles/vendor/composer/ClassLoader.php on line 444
[16-Sep-2017 14:35:11 Etc/GMT] PHP Warning:  include(): Failed opening '/home/druklink/public_html/bayfiles/vendor/composer/../../app/Http/Kernel.php' for inclusion (include_path='.:/opt/alt/php70/usr/share/pear') in /home/druklink/public_html/bayfiles/vendor/composer/ClassLoader.php on line 444
[16-Sep-2017 14:35:11 Etc/GMT] PHP Fatal error:  Uncaught ReflectionException: Class App\Http\Kernel does not exist in /home/druklink/public_html/bayfiles/vendor/laravel/framework/src/Illuminate/Container/Container.php:749
Stack trace:
#0 /home/druklink/public_html/bayfiles/vendor/laravel/framework/src/Illuminate/Container/Container.php(749): ReflectionClass->__construct('App\\Http\\Kernel')
#1 /home/druklink/public_html/bayfiles/vendor/laravel/framework/src/Illuminate/Container/Container.php(644): Illuminate\Container\Container->build('App\\Http\\Kernel', Array)
#2 /home/druklink/public_html/bayfiles/vendor/laravel/framework/src/Illuminate/Foundation/Application.php(709): Illuminate\Container\Container->make('App\\Http\\Kernel', Array)
#3 /home/druklink/public_html/bayfiles/vendor/laravel/framework/src/Illuminate/Container/Container.php(231): Illuminate\Foundation\Application->make('App\\Http\\Kernel', Array)
#4 /home/druklink/public_html/bayfiles/vendor/laravel/framework/src/Illuminate/Container/Container.php(746): Illuminate\Container\Container->Illumina in /home/druklink/public_html/bayfiles/vendor/laravel/framework/src/Illuminate/Container/Container.php on line 749
[16-Sep-2017 14:35:19 Etc/GMT] PHP Warning:  include(/home/druklink/public_html/bayfiles/vendor/composer/../../app/Http/Kernel.php): failed to open stream: No such file or directory in /home/druklink/public_html/bayfiles/vendor/composer/ClassLoader.php on line 444
[16-Sep-2017 14:35:19 Etc/GMT] PHP Warning:  include(): Failed opening '/home/druklink/public_html/bayfiles/vendor/composer/../../app/Http/Kernel.php' for inclusion (include_path='.:/opt/alt/php70/usr/share/pear') in /home/druklink/public_html/bayfiles/vendor/composer/ClassLoader.php on line 444
[16-Sep-2017 14:35:19 Etc/GMT] PHP Fatal error:  Uncaught ReflectionException: Class App\Http\Kernel does not exist in /home/druklink/public_html/bayfiles/vendor/laravel/framework/src/Illuminate/Container/Container.php:749
Stack trace:
#0 /home/druklink/public_html/bayfiles/vendor/laravel/framework/src/Illuminate/Container/Container.php(749): ReflectionClass->__construct('App\\Http\\Kernel')
#1 /home/druklink/public_html/bayfiles/vendor/laravel/framework/src/Illuminate/Container/Container.php(644): Illuminate\Container\Container->build('App\\Http\\Kernel', Array)
#2 /home/druklink/public_html/bayfiles/vendor/laravel/framework/src/Illuminate/Foundation/Application.php(709): Illuminate\Container\Container->make('App\\Http\\Kernel', Array)
#3 /home/druklink/public_html/bayfiles/vendor/laravel/framework/src/Illuminate/Container/Container.php(231): Illuminate\Foundation\Application->make('App\\Http\\Kernel', Array)
#4 /home/druklink/public_html/bayfiles/vendor/laravel/framework/src/Illuminate/Container/Container.php(746): Illuminate\Container\Container->Illumina in /home/druklink/public_html/bayfiles/vendor/laravel/framework/src/Illuminate/Container/Container.php on line 749
[16-Sep-2017 14:35:27 Etc/GMT] PHP Warning:  include(/home/druklink/public_html/bayfiles/vendor/composer/../../app/Http/Kernel.php): failed to open stream: No such file or directory in /home/druklink/public_html/bayfiles/vendor/composer/ClassLoader.php on line 444
[16-Sep-2017 14:35:27 Etc/GMT] PHP Warning:  include(): Failed opening '/home/druklink/public_html/bayfiles/vendor/composer/../../app/Http/Kernel.php' for inclusion (include_path='.:/opt/alt/php70/usr/share/pear') in /home/druklink/public_html/bayfiles/vendor/composer/ClassLoader.php on line 444
[16-Sep-2017 14:35:27 Etc/GMT] PHP Fatal error:  Uncaught ReflectionException: Class App\Http\Kernel does not exist in /home/druklink/public_html/bayfiles/vendor/laravel/framework/src/Illuminate/Container/Container.php:749
Stack trace:
#0 /home/druklink/public_html/bayfiles/vendor/laravel/framework/src/Illuminate/Container/Container.php(749): ReflectionClass->__construct('App\\Http\\Kernel')
#1 /home/druklink/public_html/bayfiles/vendor/laravel/framework/src/Illuminate/Container/Container.php(644): Illuminate\Container\Container->build('App\\Http\\Kernel', Array)
#2 /home/druklink/public_html/bayfiles/vendor/laravel/framework/src/Illuminate/Foundation/Application.php(709): Illuminate\Container\Container->make('App\\Http\\Kernel', Array)
#3 /home/druklink/public_html/bayfiles/vendor/laravel/framework/src/Illuminate/Container/Container.php(231): Illuminate\Foundation\Application->make('App\\Http\\Kernel', Array)
#4 /home/druklink/public_html/bayfiles/vendor/laravel/framework/src/Illuminate/Container/Container.php(746): Illuminate\Container\Container->Illumina in /home/druklink/public_html/bayfiles/vendor/laravel/framework/src/Illuminate/Container/Container.php on line 749
[16-Sep-2017 14:35:39 Etc/GMT] PHP Warning:  include(/home/druklink/public_html/bayfiles/vendor/composer/../../app/Http/Kernel.php): failed to open stream: No such file or directory in /home/druklink/public_html/bayfiles/vendor/composer/ClassLoader.php on line 444
[16-Sep-2017 14:35:39 Etc/GMT] PHP Warning:  include(): Failed opening '/home/druklink/public_html/bayfiles/vendor/composer/../../app/Http/Kernel.php' for inclusion (include_path='.:/opt/alt/php70/usr/share/pear') in /home/druklink/public_html/bayfiles/vendor/composer/ClassLoader.php on line 444
[16-Sep-2017 14:35:39 Etc/GMT] PHP Fatal error:  Uncaught ReflectionException: Class App\Http\Kernel does not exist in /home/druklink/public_html/bayfiles/vendor/laravel/framework/src/Illuminate/Container/Container.php:749
Stack trace:
#0 /home/druklink/public_html/bayfiles/vendor/laravel/framework/src/Illuminate/Container/Container.php(749): ReflectionClass->__construct('App\\Http\\Kernel')
#1 /home/druklink/public_html/bayfiles/vendor/laravel/framework/src/Illuminate/Container/Container.php(644): Illuminate\Container\Container->build('App\\Http\\Kernel', Array)
#2 /home/druklink/public_html/bayfiles/vendor/laravel/framework/src/Illuminate/Foundation/Application.php(709): Illuminate\Container\Container->make('App\\Http\\Kernel', Array)
#3 /home/druklink/public_html/bayfiles/vendor/laravel/framework/src/Illuminate/Container/Container.php(231): Illuminate\Foundation\Application->make('App\\Http\\Kernel', Array)
#4 /home/druklink/public_html/bayfiles/vendor/laravel/framework/src/Illuminate/Container/Container.php(746): Illuminate\Container\Container->Illumina in /home/druklink/public_html/bayfiles/vendor/laravel/framework/src/Illuminate/Container/Container.php on line 749
[16-Sep-2017 14:39:22 Etc/GMT] PHP Warning:  include(/home/druklink/public_html/bayfiles/vendor/composer/../../app/Http/Kernel.php): failed to open stream: No such file or directory in /home/druklink/public_html/bayfiles/vendor/composer/ClassLoader.php on line 444
[16-Sep-2017 14:39:22 Etc/GMT] PHP Warning:  include(): Failed opening '/home/druklink/public_html/bayfiles/vendor/composer/../../app/Http/Kernel.php' for inclusion (include_path='.:/opt/alt/php70/usr/share/pear') in /home/druklink/public_html/bayfiles/vendor/composer/ClassLoader.php on line 444
[16-Sep-2017 14:39:22 Etc/GMT] PHP Fatal error:  Uncaught ReflectionException: Class App\Http\Kernel does not exist in /home/druklink/public_html/bayfiles/vendor/laravel/framework/src/Illuminate/Container/Container.php:749
Stack trace:
#0 /home/druklink/public_html/bayfiles/vendor/laravel/framework/src/Illuminate/Container/Container.php(749): ReflectionClass->__construct('App\\Http\\Kernel')
#1 /home/druklink/public_html/bayfiles/vendor/laravel/framework/src/Illuminate/Container/Container.php(644): Illuminate\Container\Container->build('App\\Http\\Kernel', Array)
#2 /home/druklink/public_html/bayfiles/vendor/laravel/framework/src/Illuminate/Foundation/Application.php(709): Illuminate\Container\Container->make('App\\Http\\Kernel', Array)
#3 /home/druklink/public_html/bayfiles/vendor/laravel/framework/src/Illuminate/Container/Container.php(231): Illuminate\Foundation\Application->make('App\\Http\\Kernel', Array)
#4 /home/druklink/public_html/bayfiles/vendor/laravel/framework/src/Illuminate/Container/Container.php(746): Illuminate\Container\Container->Illumina in /home/druklink/public_html/bayfiles/vendor/laravel/framework/src/Illuminate/Container/Container.php on line 749
[16-Sep-2017 14:39:25 Etc/GMT] PHP Warning:  include(/home/druklink/public_html/bayfiles/vendor/composer/../../app/Http/Kernel.php): failed to open stream: No such file or directory in /home/druklink/public_html/bayfiles/vendor/composer/ClassLoader.php on line 444
[16-Sep-2017 14:39:25 Etc/GMT] PHP Warning:  include(): Failed opening '/home/druklink/public_html/bayfiles/vendor/composer/../../app/Http/Kernel.php' for inclusion (include_path='.:/opt/alt/php70/usr/share/pear') in /home/druklink/public_html/bayfiles/vendor/composer/ClassLoader.php on line 444
[16-Sep-2017 14:39:25 Etc/GMT] PHP Fatal error:  Uncaught ReflectionException: Class App\Http\Kernel does not exist in /home/druklink/public_html/bayfiles/vendor/laravel/framework/src/Illuminate/Container/Container.php:749
Stack trace:
#0 /home/druklink/public_html/bayfiles/vendor/laravel/framework/src/Illuminate/Container/Container.php(749): ReflectionClass->__construct('App\\Http\\Kernel')
#1 /home/druklink/public_html/bayfiles/vendor/laravel/framework/src/Illuminate/Container/Container.php(644): Illuminate\Container\Container->build('App\\Http\\Kernel', Array)
#2 /home/druklink/public_html/bayfiles/vendor/laravel/framework/src/Illuminate/Foundation/Application.php(709): Illuminate\Container\Container->make('App\\Http\\Kernel', Array)
#3 /home/druklink/public_html/bayfiles/vendor/laravel/framework/src/Illuminate/Container/Container.php(231): Illuminate\Foundation\Application->make('App\\Http\\Kernel', Array)
#4 /home/druklink/public_html/bayfiles/vendor/laravel/framework/src/Illuminate/Container/Container.php(746): Illuminate\Container\Container->Illumina in /home/druklink/public_html/bayfiles/vendor/laravel/framework/src/Illuminate/Container/Container.php on line 749
[16-Sep-2017 14:39:31 Etc/GMT] PHP Warning:  include(/home/druklink/public_html/bayfiles/vendor/composer/../../app/Http/Kernel.php): failed to open stream: No such file or directory in /home/druklink/public_html/bayfiles/vendor/composer/ClassLoader.php on line 444
[16-Sep-2017 14:39:31 Etc/GMT] PHP Warning:  include(): Failed opening '/home/druklink/public_html/bayfiles/vendor/composer/../../app/Http/Kernel.php' for inclusion (include_path='.:/opt/alt/php70/usr/share/pear') in /home/druklink/public_html/bayfiles/vendor/composer/ClassLoader.php on line 444
[16-Sep-2017 14:39:31 Etc/GMT] PHP Fatal error:  Uncaught ReflectionException: Class App\Http\Kernel does not exist in /home/druklink/public_html/bayfiles/vendor/laravel/framework/src/Illuminate/Container/Container.php:749
Stack trace:
#0 /home/druklink/public_html/bayfiles/vendor/laravel/framework/src/Illuminate/Container/Container.php(749): ReflectionClass->__construct('App\\Http\\Kernel')
#1 /home/druklink/public_html/bayfiles/vendor/laravel/framework/src/Illuminate/Container/Container.php(644): Illuminate\Container\Container->build('App\\Http\\Kernel', Array)
#2 /home/druklink/public_html/bayfiles/vendor/laravel/framework/src/Illuminate/Foundation/Application.php(709): Illuminate\Container\Container->make('App\\Http\\Kernel', Array)
#3 /home/druklink/public_html/bayfiles/vendor/laravel/framework/src/Illuminate/Container/Container.php(231): Illuminate\Foundation\Application->make('App\\Http\\Kernel', Array)
#4 /home/druklink/public_html/bayfiles/vendor/laravel/framework/src/Illuminate/Container/Container.php(746): Illuminate\Container\Container->Illumina in /home/druklink/public_html/bayfiles/vendor/laravel/framework/src/Illuminate/Container/Container.php on line 749
[16-Sep-2017 14:43:49 Etc/GMT] PHP Warning:  include(/home/druklink/public_html/bayfiles/vendor/composer/../../app/Http/Kernel.php): failed to open stream: No such file or directory in /home/druklink/public_html/bayfiles/vendor/composer/ClassLoader.php on line 444
[16-Sep-2017 14:43:49 Etc/GMT] PHP Warning:  include(): Failed opening '/home/druklink/public_html/bayfiles/vendor/composer/../../app/Http/Kernel.php' for inclusion (include_path='.:/opt/alt/php70/usr/share/pear') in /home/druklink/public_html/bayfiles/vendor/composer/ClassLoader.php on line 444
[16-Sep-2017 14:43:49 Etc/GMT] PHP Fatal error:  Uncaught ReflectionException: Class App\Http\Kernel does not exist in /home/druklink/public_html/bayfiles/vendor/laravel/framework/src/Illuminate/Container/Container.php:749
Stack trace:
#0 /home/druklink/public_html/bayfiles/vendor/laravel/framework/src/Illuminate/Container/Container.php(749): ReflectionClass->__construct('App\\Http\\Kernel')
#1 /home/druklink/public_html/bayfiles/vendor/laravel/framework/src/Illuminate/Container/Container.php(644): Illuminate\Container\Container->build('App\\Http\\Kernel', Array)
#2 /home/druklink/public_html/bayfiles/vendor/laravel/framework/src/Illuminate/Foundation/Application.php(709): Illuminate\Container\Container->make('App\\Http\\Kernel', Array)
#3 /home/druklink/public_html/bayfiles/vendor/laravel/framework/src/Illuminate/Container/Container.php(231): Illuminate\Foundation\Application->make('App\\Http\\Kernel', Array)
#4 /home/druklink/public_html/bayfiles/vendor/laravel/framework/src/Illuminate/Container/Container.php(746): Illuminate\Container\Container->Illumina in /home/druklink/public_html/bayfiles/vendor/laravel/framework/src/Illuminate/Container/Container.php on line 749
[16-Sep-2017 14:43:51 Etc/GMT] PHP Warning:  include(/home/druklink/public_html/bayfiles/vendor/composer/../../app/Http/Kernel.php): failed to open stream: No such file or directory in /home/druklink/public_html/bayfiles/vendor/composer/ClassLoader.php on line 444
[16-Sep-2017 14:43:51 Etc/GMT] PHP Warning:  include(): Failed opening '/home/druklink/public_html/bayfiles/vendor/composer/../../app/Http/Kernel.php' for inclusion (include_path='.:/opt/alt/php70/usr/share/pear') in /home/druklink/public_html/bayfiles/vendor/composer/ClassLoader.php on line 444
[16-Sep-2017 14:43:51 Etc/GMT] PHP Fatal error:  Uncaught ReflectionException: Class App\Http\Kernel does not exist in /home/druklink/public_html/bayfiles/vendor/laravel/framework/src/Illuminate/Container/Container.php:749
Stack trace:
#0 /home/druklink/public_html/bayfiles/vendor/laravel/framework/src/Illuminate/Container/Container.php(749): ReflectionClass->__construct('App\\Http\\Kernel')
#1 /home/druklink/public_html/bayfiles/vendor/laravel/framework/src/Illuminate/Container/Container.php(644): Illuminate\Container\Container->build('App\\Http\\Kernel', Array)
#2 /home/druklink/public_html/bayfiles/vendor/laravel/framework/src/Illuminate/Foundation/Application.php(709): Illuminate\Container\Container->make('App\\Http\\Kernel', Array)
#3 /home/druklink/public_html/bayfiles/vendor/laravel/framework/src/Illuminate/Container/Container.php(231): Illuminate\Foundation\Application->make('App\\Http\\Kernel', Array)
#4 /home/druklink/public_html/bayfiles/vendor/laravel/framework/src/Illuminate/Container/Container.php(746): Illuminate\Container\Container->Illumina in /home/druklink/public_html/bayfiles/vendor/laravel/framework/src/Illuminate/Container/Container.php on line 749
[16-Sep-2017 14:43:52 Etc/GMT] PHP Warning:  include(/home/druklink/public_html/bayfiles/vendor/composer/../../app/Http/Kernel.php): failed to open stream: No such file or directory in /home/druklink/public_html/bayfiles/vendor/composer/ClassLoader.php on line 444
[16-Sep-2017 14:43:52 Etc/GMT] PHP Warning:  include(): Failed opening '/home/druklink/public_html/bayfiles/vendor/composer/../../app/Http/Kernel.php' for inclusion (include_path='.:/opt/alt/php70/usr/share/pear') in /home/druklink/public_html/bayfiles/vendor/composer/ClassLoader.php on line 444
[16-Sep-2017 14:43:52 Etc/GMT] PHP Fatal error:  Uncaught ReflectionException: Class App\Http\Kernel does not exist in /home/druklink/public_html/bayfiles/vendor/laravel/framework/src/Illuminate/Container/Container.php:749
Stack trace:
#0 /home/druklink/public_html/bayfiles/vendor/laravel/framework/src/Illuminate/Container/Container.php(749): ReflectionClass->__construct('App\\Http\\Kernel')
#1 /home/druklink/public_html/bayfiles/vendor/laravel/framework/src/Illuminate/Container/Container.php(644): Illuminate\Container\Container->build('App\\Http\\Kernel', Array)
#2 /home/druklink/public_html/bayfiles/vendor/laravel/framework/src/Illuminate/Foundation/Application.php(709): Illuminate\Container\Container->make('App\\Http\\Kernel', Array)
#3 /home/druklink/public_html/bayfiles/vendor/laravel/framework/src/Illuminate/Container/Container.php(231): Illuminate\Foundation\Application->make('App\\Http\\Kernel', Array)
#4 /home/druklink/public_html/bayfiles/vendor/laravel/framework/src/Illuminate/Container/Container.php(746): Illuminate\Container\Container->Illumina in /home/druklink/public_html/bayfiles/vendor/laravel/framework/src/Illuminate/Container/Container.php on line 749
[16-Sep-2017 14:43:53 Etc/GMT] PHP Warning:  include(/home/druklink/public_html/bayfiles/vendor/composer/../../app/Http/Kernel.php): failed to open stream: No such file or directory in /home/druklink/public_html/bayfiles/vendor/composer/ClassLoader.php on line 444
[16-Sep-2017 14:43:53 Etc/GMT] PHP Warning:  include(): Failed opening '/home/druklink/public_html/bayfiles/vendor/composer/../../app/Http/Kernel.php' for inclusion (include_path='.:/opt/alt/php70/usr/share/pear') in /home/druklink/public_html/bayfiles/vendor/composer/ClassLoader.php on line 444
[16-Sep-2017 14:43:53 Etc/GMT] PHP Fatal error:  Uncaught ReflectionException: Class App\Http\Kernel does not exist in /home/druklink/public_html/bayfiles/vendor/laravel/framework/src/Illuminate/Container/Container.php:749
Stack trace:
#0 /home/druklink/public_html/bayfiles/vendor/laravel/framework/src/Illuminate/Container/Container.php(749): ReflectionClass->__construct('App\\Http\\Kernel')
#1 /home/druklink/public_html/bayfiles/vendor/laravel/framework/src/Illuminate/Container/Container.php(644): Illuminate\Container\Container->build('App\\Http\\Kernel', Array)
#2 /home/druklink/public_html/bayfiles/vendor/laravel/framework/src/Illuminate/Foundation/Application.php(709): Illuminate\Container\Container->make('App\\Http\\Kernel', Array)
#3 /home/druklink/public_html/bayfiles/vendor/laravel/framework/src/Illuminate/Container/Container.php(231): Illuminate\Foundation\Application->make('App\\Http\\Kernel', Array)
#4 /home/druklink/public_html/bayfiles/vendor/laravel/framework/src/Illuminate/Container/Container.php(746): Illuminate\Container\Container->Illumina in /home/druklink/public_html/bayfiles/vendor/laravel/framework/src/Illuminate/Container/Container.php on line 749
[16-Sep-2017 14:43:54 Etc/GMT] PHP Warning:  include(/home/druklink/public_html/bayfiles/vendor/composer/../../app/Http/Kernel.php): failed to open stream: No such file or directory in /home/druklink/public_html/bayfiles/vendor/composer/ClassLoader.php on line 444
[16-Sep-2017 14:43:54 Etc/GMT] PHP Warning:  include(): Failed opening '/home/druklink/public_html/bayfiles/vendor/composer/../../app/Http/Kernel.php' for inclusion (include_path='.:/opt/alt/php70/usr/share/pear') in /home/druklink/public_html/bayfiles/vendor/composer/ClassLoader.php on line 444
[16-Sep-2017 14:43:54 Etc/GMT] PHP Fatal error:  Uncaught ReflectionException: Class App\Http\Kernel does not exist in /home/druklink/public_html/bayfiles/vendor/laravel/framework/src/Illuminate/Container/Container.php:749
Stack trace:
#0 /home/druklink/public_html/bayfiles/vendor/laravel/framework/src/Illuminate/Container/Container.php(749): ReflectionClass->__construct('App\\Http\\Kernel')
#1 /home/druklink/public_html/bayfiles/vendor/laravel/framework/src/Illuminate/Container/Container.php(644): Illuminate\Container\Container->build('App\\Http\\Kernel', Array)
#2 /home/druklink/public_html/bayfiles/vendor/laravel/framework/src/Illuminate/Foundation/Application.php(709): Illuminate\Container\Container->make('App\\Http\\Kernel', Array)
#3 /home/druklink/public_html/bayfiles/vendor/laravel/framework/src/Illuminate/Container/Container.php(231): Illuminate\Foundation\Application->make('App\\Http\\Kernel', Array)
#4 /home/druklink/public_html/bayfiles/vendor/laravel/framework/src/Illuminate/Container/Container.php(746): Illuminate\Container\Container->Illumina in /home/druklink/public_html/bayfiles/vendor/laravel/framework/src/Illuminate/Container/Container.php on line 749
[16-Sep-2017 14:44:12 Etc/GMT] PHP Warning:  include(/home/druklink/public_html/bayfiles/vendor/composer/../../app/Http/Kernel.php): failed to open stream: No such file or directory in /home/druklink/public_html/bayfiles/vendor/composer/ClassLoader.php on line 444
[16-Sep-2017 14:44:12 Etc/GMT] PHP Warning:  include(): Failed opening '/home/druklink/public_html/bayfiles/vendor/composer/../../app/Http/Kernel.php' for inclusion (include_path='.:/opt/alt/php70/usr/share/pear') in /home/druklink/public_html/bayfiles/vendor/composer/ClassLoader.php on line 444
[16-Sep-2017 14:44:12 Etc/GMT] PHP Fatal error:  Uncaught ReflectionException: Class App\Http\Kernel does not exist in /home/druklink/public_html/bayfiles/vendor/laravel/framework/src/Illuminate/Container/Container.php:749
Stack trace:
#0 /home/druklink/public_html/bayfiles/vendor/laravel/framework/src/Illuminate/Container/Container.php(749): ReflectionClass->__construct('App\\Http\\Kernel')
#1 /home/druklink/public_html/bayfiles/vendor/laravel/framework/src/Illuminate/Container/Container.php(644): Illuminate\Container\Container->build('App\\Http\\Kernel', Array)
#2 /home/druklink/public_html/bayfiles/vendor/laravel/framework/src/Illuminate/Foundation/Application.php(709): Illuminate\Container\Container->make('App\\Http\\Kernel', Array)
#3 /home/druklink/public_html/bayfiles/vendor/laravel/framework/src/Illuminate/Container/Container.php(231): Illuminate\Foundation\Application->make('App\\Http\\Kernel', Array)
#4 /home/druklink/public_html/bayfiles/vendor/laravel/framework/src/Illuminate/Container/Container.php(746): Illuminate\Container\Container->Illumina in /home/druklink/public_html/bayfiles/vendor/laravel/framework/src/Illuminate/Container/Container.php on line 749
[16-Sep-2017 14:44:14 Etc/GMT] PHP Warning:  include(/home/druklink/public_html/bayfiles/vendor/composer/../../app/Http/Kernel.php): failed to open stream: No such file or directory in /home/druklink/public_html/bayfiles/vendor/composer/ClassLoader.php on line 444
[16-Sep-2017 14:44:14 Etc/GMT] PHP Warning:  include(): Failed opening '/home/druklink/public_html/bayfiles/vendor/composer/../../app/Http/Kernel.php' for inclusion (include_path='.:/opt/alt/php70/usr/share/pear') in /home/druklink/public_html/bayfiles/vendor/composer/ClassLoader.php on line 444
[16-Sep-2017 14:44:14 Etc/GMT] PHP Fatal error:  Uncaught ReflectionException: Class App\Http\Kernel does not exist in /home/druklink/public_html/bayfiles/vendor/laravel/framework/src/Illuminate/Container/Container.php:749
Stack trace:
#0 /home/druklink/public_html/bayfiles/vendor/laravel/framework/src/Illuminate/Container/Container.php(749): ReflectionClass->__construct('App\\Http\\Kernel')
#1 /home/druklink/public_html/bayfiles/vendor/laravel/framework/src/Illuminate/Container/Container.php(644): Illuminate\Container\Container->build('App\\Http\\Kernel', Array)
#2 /home/druklink/public_html/bayfiles/vendor/laravel/framework/src/Illuminate/Foundation/Application.php(709): Illuminate\Container\Container->make('App\\Http\\Kernel', Array)
#3 /home/druklink/public_html/bayfiles/vendor/laravel/framework/src/Illuminate/Container/Container.php(231): Illuminate\Foundation\Application->make('App\\Http\\Kernel', Array)
#4 /home/druklink/public_html/bayfiles/vendor/laravel/framework/src/Illuminate/Container/Container.php(746): Illuminate\Container\Container->Illumina in /home/druklink/public_html/bayfiles/vendor/laravel/framework/src/Illuminate/Container/Container.php on line 749
[16-Sep-2017 14:44:43 Etc/GMT] PHP Warning:  include(/home/druklink/public_html/bayfiles/vendor/composer/../../app/Http/Kernel.php): failed to open stream: No such file or directory in /home/druklink/public_html/bayfiles/vendor/composer/ClassLoader.php on line 444
[16-Sep-2017 14:44:43 Etc/GMT] PHP Warning:  include(): Failed opening '/home/druklink/public_html/bayfiles/vendor/composer/../../app/Http/Kernel.php' for inclusion (include_path='.:/opt/alt/php70/usr/share/pear') in /home/druklink/public_html/bayfiles/vendor/composer/ClassLoader.php on line 444
[16-Sep-2017 14:44:43 Etc/GMT] PHP Fatal error:  Uncaught ReflectionException: Class App\Http\Kernel does not exist in /home/druklink/public_html/bayfiles/vendor/laravel/framework/src/Illuminate/Container/Container.php:749
Stack trace:
#0 /home/druklink/public_html/bayfiles/vendor/laravel/framework/src/Illuminate/Container/Container.php(749): ReflectionClass->__construct('App\\Http\\Kernel')
#1 /home/druklink/public_html/bayfiles/vendor/laravel/framework/src/Illuminate/Container/Container.php(644): Illuminate\Container\Container->build('App\\Http\\Kernel', Array)
#2 /home/druklink/public_html/bayfiles/vendor/laravel/framework/src/Illuminate/Foundation/Application.php(709): Illuminate\Container\Container->make('App\\Http\\Kernel', Array)
#3 /home/druklink/public_html/bayfiles/vendor/laravel/framework/src/Illuminate/Container/Container.php(231): Illuminate\Foundation\Application->make('App\\Http\\Kernel', Array)
#4 /home/druklink/public_html/bayfiles/vendor/laravel/framework/src/Illuminate/Container/Container.php(746): Illuminate\Container\Container->Illumina in /home/druklink/public_html/bayfiles/vendor/laravel/framework/src/Illuminate/Container/Container.php on line 749
[16-Sep-2017 14:44:46 Etc/GMT] PHP Warning:  include(/home/druklink/public_html/bayfiles/vendor/composer/../../app/Http/Kernel.php): failed to open stream: No such file or directory in /home/druklink/public_html/bayfiles/vendor/composer/ClassLoader.php on line 444
[16-Sep-2017 14:44:46 Etc/GMT] PHP Warning:  include(): Failed opening '/home/druklink/public_html/bayfiles/vendor/composer/../../app/Http/Kernel.php' for inclusion (include_path='.:/opt/alt/php70/usr/share/pear') in /home/druklink/public_html/bayfiles/vendor/composer/ClassLoader.php on line 444
[16-Sep-2017 14:44:46 Etc/GMT] PHP Fatal error:  Uncaught ReflectionException: Class App\Http\Kernel does not exist in /home/druklink/public_html/bayfiles/vendor/laravel/framework/src/Illuminate/Container/Container.php:749
Stack trace:
#0 /home/druklink/public_html/bayfiles/vendor/laravel/framework/src/Illuminate/Container/Container.php(749): ReflectionClass->__construct('App\\Http\\Kernel')
#1 /home/druklink/public_html/bayfiles/vendor/laravel/framework/src/Illuminate/Container/Container.php(644): Illuminate\Container\Container->build('App\\Http\\Kernel', Array)
#2 /home/druklink/public_html/bayfiles/vendor/laravel/framework/src/Illuminate/Foundation/Application.php(709): Illuminate\Container\Container->make('App\\Http\\Kernel', Array)
#3 /home/druklink/public_html/bayfiles/vendor/laravel/framework/src/Illuminate/Container/Container.php(231): Illuminate\Foundation\Application->make('App\\Http\\Kernel', Array)
#4 /home/druklink/public_html/bayfiles/vendor/laravel/framework/src/Illuminate/Container/Container.php(746): Illuminate\Container\Container->Illumina in /home/druklink/public_html/bayfiles/vendor/laravel/framework/src/Illuminate/Container/Container.php on line 749
[16-Sep-2017 14:44:47 Etc/GMT] PHP Warning:  include(/home/druklink/public_html/bayfiles/vendor/composer/../../app/Http/Kernel.php): failed to open stream: No such file or directory in /home/druklink/public_html/bayfiles/vendor/composer/ClassLoader.php on line 444
[16-Sep-2017 14:44:47 Etc/GMT] PHP Warning:  include(): Failed opening '/home/druklink/public_html/bayfiles/vendor/composer/../../app/Http/Kernel.php' for inclusion (include_path='.:/opt/alt/php70/usr/share/pear') in /home/druklink/public_html/bayfiles/vendor/composer/ClassLoader.php on line 444
[16-Sep-2017 14:44:47 Etc/GMT] PHP Fatal error:  Uncaught ReflectionException: Class App\Http\Kernel does not exist in /home/druklink/public_html/bayfiles/vendor/laravel/framework/src/Illuminate/Container/Container.php:749
Stack trace:
#0 /home/druklink/public_html/bayfiles/vendor/laravel/framework/src/Illuminate/Container/Container.php(749): ReflectionClass->__construct('App\\Http\\Kernel')
#1 /home/druklink/public_html/bayfiles/vendor/laravel/framework/src/Illuminate/Container/Container.php(644): Illuminate\Container\Container->build('App\\Http\\Kernel', Array)
#2 /home/druklink/public_html/bayfiles/vendor/laravel/framework/src/Illuminate/Foundation/Application.php(709): Illuminate\Container\Container->make('App\\Http\\Kernel', Array)
#3 /home/druklink/public_html/bayfiles/vendor/laravel/framework/src/Illuminate/Container/Container.php(231): Illuminate\Foundation\Application->make('App\\Http\\Kernel', Array)
#4 /home/druklink/public_html/bayfiles/vendor/laravel/framework/src/Illuminate/Container/Container.php(746): Illuminate\Container\Container->Illumina in /home/druklink/public_html/bayfiles/vendor/laravel/framework/src/Illuminate/Container/Container.php on line 749
[16-Sep-2017 14:48:21 Etc/GMT] PHP Warning:  include(/home/druklink/public_html/bayfiles/vendor/composer/../../app/Http/Kernel.php): failed to open stream: No such file or directory in /home/druklink/public_html/bayfiles/vendor/composer/ClassLoader.php on line 444
[16-Sep-2017 14:48:21 Etc/GMT] PHP Warning:  include(): Failed opening '/home/druklink/public_html/bayfiles/vendor/composer/../../app/Http/Kernel.php' for inclusion (include_path='.:/opt/alt/php70/usr/share/pear') in /home/druklink/public_html/bayfiles/vendor/composer/ClassLoader.php on line 444
[16-Sep-2017 14:48:21 Etc/GMT] PHP Fatal error:  Uncaught ReflectionException: Class App\Http\Kernel does not exist in /home/druklink/public_html/bayfiles/vendor/laravel/framework/src/Illuminate/Container/Container.php:749
Stack trace:
#0 /home/druklink/public_html/bayfiles/vendor/laravel/framework/src/Illuminate/Container/Container.php(749): ReflectionClass->__construct('App\\Http\\Kernel')
#1 /home/druklink/public_html/bayfiles/vendor/laravel/framework/src/Illuminate/Container/Container.php(644): Illuminate\Container\Container->build('App\\Http\\Kernel', Array)
#2 /home/druklink/public_html/bayfiles/vendor/laravel/framework/src/Illuminate/Foundation/Application.php(709): Illuminate\Container\Container->make('App\\Http\\Kernel', Array)
#3 /home/druklink/public_html/bayfiles/vendor/laravel/framework/src/Illuminate/Container/Container.php(231): Illuminate\Foundation\Application->make('App\\Http\\Kernel', Array)
#4 /home/druklink/public_html/bayfiles/vendor/laravel/framework/src/Illuminate/Container/Container.php(746): Illuminate\Container\Container->Illumina in /home/druklink/public_html/bayfiles/vendor/laravel/framework/src/Illuminate/Container/Container.php on line 749
[16-Sep-2017 14:48:23 Etc/GMT] PHP Warning:  include(/home/druklink/public_html/bayfiles/vendor/composer/../../app/Http/Kernel.php): failed to open stream: No such file or directory in /home/druklink/public_html/bayfiles/vendor/composer/ClassLoader.php on line 444
[16-Sep-2017 14:48:23 Etc/GMT] PHP Warning:  include(): Failed opening '/home/druklink/public_html/bayfiles/vendor/composer/../../app/Http/Kernel.php' for inclusion (include_path='.:/opt/alt/php70/usr/share/pear') in /home/druklink/public_html/bayfiles/vendor/composer/ClassLoader.php on line 444
[16-Sep-2017 14:48:23 Etc/GMT] PHP Fatal error:  Uncaught ReflectionException: Class App\Http\Kernel does not exist in /home/druklink/public_html/bayfiles/vendor/laravel/framework/src/Illuminate/Container/Container.php:749
Stack trace:
#0 /home/druklink/public_html/bayfiles/vendor/laravel/framework/src/Illuminate/Container/Container.php(749): ReflectionClass->__construct('App\\Http\\Kernel')
#1 /home/druklink/public_html/bayfiles/vendor/laravel/framework/src/Illuminate/Container/Container.php(644): Illuminate\Container\Container->build('App\\Http\\Kernel', Array)
#2 /home/druklink/public_html/bayfiles/vendor/laravel/framework/src/Illuminate/Foundation/Application.php(709): Illuminate\Container\Container->make('App\\Http\\Kernel', Array)
#3 /home/druklink/public_html/bayfiles/vendor/laravel/framework/src/Illuminate/Container/Container.php(231): Illuminate\Foundation\Application->make('App\\Http\\Kernel', Array)
#4 /home/druklink/public_html/bayfiles/vendor/laravel/framework/src/Illuminate/Container/Container.php(746): Illuminate\Container\Container->Illumina in /home/druklink/public_html/bayfiles/vendor/laravel/framework/src/Illuminate/Container/Container.php on line 749
[16-Sep-2017 14:48:24 Etc/GMT] PHP Warning:  include(/home/druklink/public_html/bayfiles/vendor/composer/../../app/Http/Kernel.php): failed to open stream: No such file or directory in /home/druklink/public_html/bayfiles/vendor/composer/ClassLoader.php on line 444
[16-Sep-2017 14:48:24 Etc/GMT] PHP Warning:  include(): Failed opening '/home/druklink/public_html/bayfiles/vendor/composer/../../app/Http/Kernel.php' for inclusion (include_path='.:/opt/alt/php70/usr/share/pear') in /home/druklink/public_html/bayfiles/vendor/composer/ClassLoader.php on line 444
[16-Sep-2017 14:48:24 Etc/GMT] PHP Fatal error:  Uncaught ReflectionException: Class App\Http\Kernel does not exist in /home/druklink/public_html/bayfiles/vendor/laravel/framework/src/Illuminate/Container/Container.php:749
Stack trace:
#0 /home/druklink/public_html/bayfiles/vendor/laravel/framework/src/Illuminate/Container/Container.php(749): ReflectionClass->__construct('App\\Http\\Kernel')
#1 /home/druklink/public_html/bayfiles/vendor/laravel/framework/src/Illuminate/Container/Container.php(644): Illuminate\Container\Container->build('App\\Http\\Kernel', Array)
#2 /home/druklink/public_html/bayfiles/vendor/laravel/framework/src/Illuminate/Foundation/Application.php(709): Illuminate\Container\Container->make('App\\Http\\Kernel', Array)
#3 /home/druklink/public_html/bayfiles/vendor/laravel/framework/src/Illuminate/Container/Container.php(231): Illuminate\Foundation\Application->make('App\\Http\\Kernel', Array)
#4 /home/druklink/public_html/bayfiles/vendor/laravel/framework/src/Illuminate/Container/Container.php(746): Illuminate\Container\Container->Illumina in /home/druklink/public_html/bayfiles/vendor/laravel/framework/src/Illuminate/Container/Container.php on line 749
[16-Sep-2017 14:48:25 Etc/GMT] PHP Warning:  include(/home/druklink/public_html/bayfiles/vendor/composer/../../app/Http/Kernel.php): failed to open stream: No such file or directory in /home/druklink/public_html/bayfiles/vendor/composer/ClassLoader.php on line 444
[16-Sep-2017 14:48:25 Etc/GMT] PHP Warning:  include(): Failed opening '/home/druklink/public_html/bayfiles/vendor/composer/../../app/Http/Kernel.php' for inclusion (include_path='.:/opt/alt/php70/usr/share/pear') in /home/druklink/public_html/bayfiles/vendor/composer/ClassLoader.php on line 444
[16-Sep-2017 14:48:25 Etc/GMT] PHP Fatal error:  Uncaught ReflectionException: Class App\Http\Kernel does not exist in /home/druklink/public_html/bayfiles/vendor/laravel/framework/src/Illuminate/Container/Container.php:749
Stack trace:
#0 /home/druklink/public_html/bayfiles/vendor/laravel/framework/src/Illuminate/Container/Container.php(749): ReflectionClass->__construct('App\\Http\\Kernel')
#1 /home/druklink/public_html/bayfiles/vendor/laravel/framework/src/Illuminate/Container/Container.php(644): Illuminate\Container\Container->build('App\\Http\\Kernel', Array)
#2 /home/druklink/public_html/bayfiles/vendor/laravel/framework/src/Illuminate/Foundation/Application.php(709): Illuminate\Container\Container->make('App\\Http\\Kernel', Array)
#3 /home/druklink/public_html/bayfiles/vendor/laravel/framework/src/Illuminate/Container/Container.php(231): Illuminate\Foundation\Application->make('App\\Http\\Kernel', Array)
#4 /home/druklink/public_html/bayfiles/vendor/laravel/framework/src/Illuminate/Container/Container.php(746): Illuminate\Container\Container->Illumina in /home/druklink/public_html/bayfiles/vendor/laravel/framework/src/Illuminate/Container/Container.php on line 749
[16-Sep-2017 14:48:26 Etc/GMT] PHP Warning:  include(/home/druklink/public_html/bayfiles/vendor/composer/../../app/Http/Kernel.php): failed to open stream: No such file or directory in /home/druklink/public_html/bayfiles/vendor/composer/ClassLoader.php on line 444
[16-Sep-2017 14:48:26 Etc/GMT] PHP Warning:  include(): Failed opening '/home/druklink/public_html/bayfiles/vendor/composer/../../app/Http/Kernel.php' for inclusion (include_path='.:/opt/alt/php70/usr/share/pear') in /home/druklink/public_html/bayfiles/vendor/composer/ClassLoader.php on line 444
[16-Sep-2017 14:48:26 Etc/GMT] PHP Fatal error:  Uncaught ReflectionException: Class App\Http\Kernel does not exist in /home/druklink/public_html/bayfiles/vendor/laravel/framework/src/Illuminate/Container/Container.php:749
Stack trace:
#0 /home/druklink/public_html/bayfiles/vendor/laravel/framework/src/Illuminate/Container/Container.php(749): ReflectionClass->__construct('App\\Http\\Kernel')
#1 /home/druklink/public_html/bayfiles/vendor/laravel/framework/src/Illuminate/Container/Container.php(644): Illuminate\Container\Container->build('App\\Http\\Kernel', Array)
#2 /home/druklink/public_html/bayfiles/vendor/laravel/framework/src/Illuminate/Foundation/Application.php(709): Illuminate\Container\Container->make('App\\Http\\Kernel', Array)
#3 /home/druklink/public_html/bayfiles/vendor/laravel/framework/src/Illuminate/Container/Container.php(231): Illuminate\Foundation\Application->make('App\\Http\\Kernel', Array)
#4 /home/druklink/public_html/bayfiles/vendor/laravel/framework/src/Illuminate/Container/Container.php(746): Illuminate\Container\Container->Illumina in /home/druklink/public_html/bayfiles/vendor/laravel/framework/src/Illuminate/Container/Container.php on line 749
[16-Sep-2017 14:48:27 Etc/GMT] PHP Warning:  include(/home/druklink/public_html/bayfiles/vendor/composer/../../app/Http/Kernel.php): failed to open stream: No such file or directory in /home/druklink/public_html/bayfiles/vendor/composer/ClassLoader.php on line 444
[16-Sep-2017 14:48:27 Etc/GMT] PHP Warning:  include(): Failed opening '/home/druklink/public_html/bayfiles/vendor/composer/../../app/Http/Kernel.php' for inclusion (include_path='.:/opt/alt/php70/usr/share/pear') in /home/druklink/public_html/bayfiles/vendor/composer/ClassLoader.php on line 444
[16-Sep-2017 14:48:27 Etc/GMT] PHP Fatal error:  Uncaught ReflectionException: Class App\Http\Kernel does not exist in /home/druklink/public_html/bayfiles/vendor/laravel/framework/src/Illuminate/Container/Container.php:749
Stack trace:
#0 /home/druklink/public_html/bayfiles/vendor/laravel/framework/src/Illuminate/Container/Container.php(749): ReflectionClass->__construct('App\\Http\\Kernel')
#1 /home/druklink/public_html/bayfiles/vendor/laravel/framework/src/Illuminate/Container/Container.php(644): Illuminate\Container\Container->build('App\\Http\\Kernel', Array)
#2 /home/druklink/public_html/bayfiles/vendor/laravel/framework/src/Illuminate/Foundation/Application.php(709): Illuminate\Container\Container->make('App\\Http\\Kernel', Array)
#3 /home/druklink/public_html/bayfiles/vendor/laravel/framework/src/Illuminate/Container/Container.php(231): Illuminate\Foundation\Application->make('App\\Http\\Kernel', Array)
#4 /home/druklink/public_html/bayfiles/vendor/laravel/framework/src/Illuminate/Container/Container.php(746): Illuminate\Container\Container->Illumina in /home/druklink/public_html/bayfiles/vendor/laravel/framework/src/Illuminate/Container/Container.php on line 749
[16-Sep-2017 14:48:29 Etc/GMT] PHP Warning:  include(/home/druklink/public_html/bayfiles/vendor/composer/../../app/Http/Kernel.php): failed to open stream: No such file or directory in /home/druklink/public_html/bayfiles/vendor/composer/ClassLoader.php on line 444
[16-Sep-2017 14:48:29 Etc/GMT] PHP Warning:  include(): Failed opening '/home/druklink/public_html/bayfiles/vendor/composer/../../app/Http/Kernel.php' for inclusion (include_path='.:/opt/alt/php70/usr/share/pear') in /home/druklink/public_html/bayfiles/vendor/composer/ClassLoader.php on line 444
[16-Sep-2017 14:48:29 Etc/GMT] PHP Fatal error:  Uncaught ReflectionException: Class App\Http\Kernel does not exist in /home/druklink/public_html/bayfiles/vendor/laravel/framework/src/Illuminate/Container/Container.php:749
Stack trace:
#0 /home/druklink/public_html/bayfiles/vendor/laravel/framework/src/Illuminate/Container/Container.php(749): ReflectionClass->__construct('App\\Http\\Kernel')
#1 /home/druklink/public_html/bayfiles/vendor/laravel/framework/src/Illuminate/Container/Container.php(644): Illuminate\Container\Container->build('App\\Http\\Kernel', Array)
#2 /home/druklink/public_html/bayfiles/vendor/laravel/framework/src/Illuminate/Foundation/Application.php(709): Illuminate\Container\Container->make('App\\Http\\Kernel', Array)
#3 /home/druklink/public_html/bayfiles/vendor/laravel/framework/src/Illuminate/Container/Container.php(231): Illuminate\Foundation\Application->make('App\\Http\\Kernel', Array)
#4 /home/druklink/public_html/bayfiles/vendor/laravel/framework/src/Illuminate/Container/Container.php(746): Illuminate\Container\Container->Illumina in /home/druklink/public_html/bayfiles/vendor/laravel/framework/src/Illuminate/Container/Container.php on line 749
[16-Sep-2017 14:49:19 Etc/GMT] PHP Warning:  include(/home/druklink/public_html/bayfiles/vendor/composer/../../app/Http/Kernel.php): failed to open stream: No such file or directory in /home/druklink/public_html/bayfiles/vendor/composer/ClassLoader.php on line 444
[16-Sep-2017 14:49:19 Etc/GMT] PHP Warning:  include(): Failed opening '/home/druklink/public_html/bayfiles/vendor/composer/../../app/Http/Kernel.php' for inclusion (include_path='.:/opt/alt/php70/usr/share/pear') in /home/druklink/public_html/bayfiles/vendor/composer/ClassLoader.php on line 444
[16-Sep-2017 14:49:19 Etc/GMT] PHP Fatal error:  Uncaught ReflectionException: Class App\Http\Kernel does not exist in /home/druklink/public_html/bayfiles/vendor/laravel/framework/src/Illuminate/Container/Container.php:749
Stack trace:
#0 /home/druklink/public_html/bayfiles/vendor/laravel/framework/src/Illuminate/Container/Container.php(749): ReflectionClass->__construct('App\\Http\\Kernel')
#1 /home/druklink/public_html/bayfiles/vendor/laravel/framework/src/Illuminate/Container/Container.php(644): Illuminate\Container\Container->build('App\\Http\\Kernel', Array)
#2 /home/druklink/public_html/bayfiles/vendor/laravel/framework/src/Illuminate/Foundation/Application.php(709): Illuminate\Container\Container->make('App\\Http\\Kernel', Array)
#3 /home/druklink/public_html/bayfiles/vendor/laravel/framework/src/Illuminate/Container/Container.php(231): Illuminate\Foundation\Application->make('App\\Http\\Kernel', Array)
#4 /home/druklink/public_html/bayfiles/vendor/laravel/framework/src/Illuminate/Container/Container.php(746): Illuminate\Container\Container->Illumina in /home/druklink/public_html/bayfiles/vendor/laravel/framework/src/Illuminate/Container/Container.php on line 749
[16-Sep-2017 14:49:21 Etc/GMT] PHP Warning:  include(/home/druklink/public_html/bayfiles/vendor/composer/../../app/Http/Kernel.php): failed to open stream: No such file or directory in /home/druklink/public_html/bayfiles/vendor/composer/ClassLoader.php on line 444
[16-Sep-2017 14:49:21 Etc/GMT] PHP Warning:  include(): Failed opening '/home/druklink/public_html/bayfiles/vendor/composer/../../app/Http/Kernel.php' for inclusion (include_path='.:/opt/alt/php70/usr/share/pear') in /home/druklink/public_html/bayfiles/vendor/composer/ClassLoader.php on line 444
[16-Sep-2017 14:49:21 Etc/GMT] PHP Fatal error:  Uncaught ReflectionException: Class App\Http\Kernel does not exist in /home/druklink/public_html/bayfiles/vendor/laravel/framework/src/Illuminate/Container/Container.php:749
Stack trace:
#0 /home/druklink/public_html/bayfiles/vendor/laravel/framework/src/Illuminate/Container/Container.php(749): ReflectionClass->__construct('App\\Http\\Kernel')
#1 /home/druklink/public_html/bayfiles/vendor/laravel/framework/src/Illuminate/Container/Container.php(644): Illuminate\Container\Container->build('App\\Http\\Kernel', Array)
#2 /home/druklink/public_html/bayfiles/vendor/laravel/framework/src/Illuminate/Foundation/Application.php(709): Illuminate\Container\Container->make('App\\Http\\Kernel', Array)
#3 /home/druklink/public_html/bayfiles/vendor/laravel/framework/src/Illuminate/Container/Container.php(231): Illuminate\Foundation\Application->make('App\\Http\\Kernel', Array)
#4 /home/druklink/public_html/bayfiles/vendor/laravel/framework/src/Illuminate/Container/Container.php(746): Illuminate\Container\Container->Illumina in /home/druklink/public_html/bayfiles/vendor/laravel/framework/src/Illuminate/Container/Container.php on line 749
[16-Sep-2017 14:49:22 Etc/GMT] PHP Warning:  include(/home/druklink/public_html/bayfiles/vendor/composer/../../app/Http/Kernel.php): failed to open stream: No such file or directory in /home/druklink/public_html/bayfiles/vendor/composer/ClassLoader.php on line 444
[16-Sep-2017 14:49:22 Etc/GMT] PHP Warning:  include(): Failed opening '/home/druklink/public_html/bayfiles/vendor/composer/../../app/Http/Kernel.php' for inclusion (include_path='.:/opt/alt/php70/usr/share/pear') in /home/druklink/public_html/bayfiles/vendor/composer/ClassLoader.php on line 444
[16-Sep-2017 14:49:22 Etc/GMT] PHP Fatal error:  Uncaught ReflectionException: Class App\Http\Kernel does not exist in /home/druklink/public_html/bayfiles/vendor/laravel/framework/src/Illuminate/Container/Container.php:749
Stack trace:
#0 /home/druklink/public_html/bayfiles/vendor/laravel/framework/src/Illuminate/Container/Container.php(749): ReflectionClass->__construct('App\\Http\\Kernel')
#1 /home/druklink/public_html/bayfiles/vendor/laravel/framework/src/Illuminate/Container/Container.php(644): Illuminate\Container\Container->build('App\\Http\\Kernel', Array)
#2 /home/druklink/public_html/bayfiles/vendor/laravel/framework/src/Illuminate/Foundation/Application.php(709): Illuminate\Container\Container->make('App\\Http\\Kernel', Array)
#3 /home/druklink/public_html/bayfiles/vendor/laravel/framework/src/Illuminate/Container/Container.php(231): Illuminate\Foundation\Application->make('App\\Http\\Kernel', Array)
#4 /home/druklink/public_html/bayfiles/vendor/laravel/framework/src/Illuminate/Container/Container.php(746): Illuminate\Container\Container->Illumina in /home/druklink/public_html/bayfiles/vendor/laravel/framework/src/Illuminate/Container/Container.php on line 749
[16-Sep-2017 14:49:24 Etc/GMT] PHP Warning:  include(/home/druklink/public_html/bayfiles/vendor/composer/../../app/Http/Kernel.php): failed to open stream: No such file or directory in /home/druklink/public_html/bayfiles/vendor/composer/ClassLoader.php on line 444
[16-Sep-2017 14:49:24 Etc/GMT] PHP Warning:  include(): Failed opening '/home/druklink/public_html/bayfiles/vendor/composer/../../app/Http/Kernel.php' for inclusion (include_path='.:/opt/alt/php70/usr/share/pear') in /home/druklink/public_html/bayfiles/vendor/composer/ClassLoader.php on line 444
[16-Sep-2017 14:49:24 Etc/GMT] PHP Fatal error:  Uncaught ReflectionException: Class App\Http\Kernel does not exist in /home/druklink/public_html/bayfiles/vendor/laravel/framework/src/Illuminate/Container/Container.php:749
Stack trace:
#0 /home/druklink/public_html/bayfiles/vendor/laravel/framework/src/Illuminate/Container/Container.php(749): ReflectionClass->__construct('App\\Http\\Kernel')
#1 /home/druklink/public_html/bayfiles/vendor/laravel/framework/src/Illuminate/Container/Container.php(644): Illuminate\Container\Container->build('App\\Http\\Kernel', Array)
#2 /home/druklink/public_html/bayfiles/vendor/laravel/framework/src/Illuminate/Foundation/Application.php(709): Illuminate\Container\Container->make('App\\Http\\Kernel', Array)
#3 /home/druklink/public_html/bayfiles/vendor/laravel/framework/src/Illuminate/Container/Container.php(231): Illuminate\Foundation\Application->make('App\\Http\\Kernel', Array)
#4 /home/druklink/public_html/bayfiles/vendor/laravel/framework/src/Illuminate/Container/Container.php(746): Illuminate\Container\Container->Illumina in /home/druklink/public_html/bayfiles/vendor/laravel/framework/src/Illuminate/Container/Container.php on line 749
[16-Sep-2017 14:49:25 Etc/GMT] PHP Warning:  include(/home/druklink/public_html/bayfiles/vendor/composer/../../app/Http/Kernel.php): failed to open stream: No such file or directory in /home/druklink/public_html/bayfiles/vendor/composer/ClassLoader.php on line 444
[16-Sep-2017 14:49:25 Etc/GMT] PHP Warning:  include(): Failed opening '/home/druklink/public_html/bayfiles/vendor/composer/../../app/Http/Kernel.php' for inclusion (include_path='.:/opt/alt/php70/usr/share/pear') in /home/druklink/public_html/bayfiles/vendor/composer/ClassLoader.php on line 444
[16-Sep-2017 14:49:25 Etc/GMT] PHP Fatal error:  Uncaught ReflectionException: Class App\Http\Kernel does not exist in /home/druklink/public_html/bayfiles/vendor/laravel/framework/src/Illuminate/Container/Container.php:749
Stack trace:
#0 /home/druklink/public_html/bayfiles/vendor/laravel/framework/src/Illuminate/Container/Container.php(749): ReflectionClass->__construct('App\\Http\\Kernel')
#1 /home/druklink/public_html/bayfiles/vendor/laravel/framework/src/Illuminate/Container/Container.php(644): Illuminate\Container\Container->build('App\\Http\\Kernel', Array)
#2 /home/druklink/public_html/bayfiles/vendor/laravel/framework/src/Illuminate/Foundation/Application.php(709): Illuminate\Container\Container->make('App\\Http\\Kernel', Array)
#3 /home/druklink/public_html/bayfiles/vendor/laravel/framework/src/Illuminate/Container/Container.php(231): Illuminate\Foundation\Application->make('App\\Http\\Kernel', Array)
#4 /home/druklink/public_html/bayfiles/vendor/laravel/framework/src/Illuminate/Container/Container.php(746): Illuminate\Container\Container->Illumina in /home/druklink/public_html/bayfiles/vendor/laravel/framework/src/Illuminate/Container/Container.php on line 749
[16-Sep-2017 14:49:27 Etc/GMT] PHP Warning:  include(/home/druklink/public_html/bayfiles/vendor/composer/../../app/Http/Kernel.php): failed to open stream: No such file or directory in /home/druklink/public_html/bayfiles/vendor/composer/ClassLoader.php on line 444
[16-Sep-2017 14:49:27 Etc/GMT] PHP Warning:  include(): Failed opening '/home/druklink/public_html/bayfiles/vendor/composer/../../app/Http/Kernel.php' for inclusion (include_path='.:/opt/alt/php70/usr/share/pear') in /home/druklink/public_html/bayfiles/vendor/composer/ClassLoader.php on line 444
[16-Sep-2017 14:49:27 Etc/GMT] PHP Fatal error:  Uncaught ReflectionException: Class App\Http\Kernel does not exist in /home/druklink/public_html/bayfiles/vendor/laravel/framework/src/Illuminate/Container/Container.php:749
Stack trace:
#0 /home/druklink/public_html/bayfiles/vendor/laravel/framework/src/Illuminate/Container/Container.php(749): ReflectionClass->__construct('App\\Http\\Kernel')
#1 /home/druklink/public_html/bayfiles/vendor/laravel/framework/src/Illuminate/Container/Container.php(644): Illuminate\Container\Container->build('App\\Http\\Kernel', Array)
#2 /home/druklink/public_html/bayfiles/vendor/laravel/framework/src/Illuminate/Foundation/Application.php(709): Illuminate\Container\Container->make('App\\Http\\Kernel', Array)
#3 /home/druklink/public_html/bayfiles/vendor/laravel/framework/src/Illuminate/Container/Container.php(231): Illuminate\Foundation\Application->make('App\\Http\\Kernel', Array)
#4 /home/druklink/public_html/bayfiles/vendor/laravel/framework/src/Illuminate/Container/Container.php(746): Illuminate\Container\Container->Illumina in /home/druklink/public_html/bayfiles/vendor/laravel/framework/src/Illuminate/Container/Container.php on line 749
[16-Sep-2017 15:33:13 UTC] PHP Fatal error:  Call to a member function delete() on null in /home/druklink/public_html/bayfiles/app/Http/Controllers/BssrController.php on line 266
[17-Sep-2017 20:44:55 UTC] PHP Parse error:  syntax error, unexpected 'public' (T_PUBLIC) in /home/druklink/public_html/bayfiles/app/Http/Controllers/Auth/RegisterController.php on line 94
[17-Sep-2017 20:54:21 UTC] PHP Parse error:  syntax error, unexpected '$request' (T_VARIABLE) in /home/druklink/public_html/bayfiles/app/Http/Controllers/Auth/RegisterController.php on line 32
[17-Sep-2017 20:55:08 UTC] PHP Parse error:  syntax error, unexpected 'return' (T_RETURN), expecting function (T_FUNCTION) in /home/druklink/public_html/bayfiles/app/Http/Controllers/Auth/RegisterController.php on line 33
[17-Sep-2017 20:55:10 UTC] PHP Parse error:  syntax error, unexpected 'return' (T_RETURN), expecting function (T_FUNCTION) in /home/druklink/public_html/bayfiles/app/Http/Controllers/Auth/RegisterController.php on line 33
[17-Sep-2017 20:55:12 UTC] PHP Parse error:  syntax error, unexpected 'return' (T_RETURN), expecting function (T_FUNCTION) in /home/druklink/public_html/bayfiles/app/Http/Controllers/Auth/RegisterController.php on line 33
[21-Sep-2017 14:06:00 UTC] PHP Parse error:  syntax error, unexpected ''='' (T_CONSTANT_ENCAPSED_STRING) in /home/druklink/public_html/bayfiles/app/Http/Controllers/BssrController.php on line 37
[21-Sep-2017 14:08:17 UTC] PHP Fatal error:  Call to undefined method stdClass::count() in /home/druklink/public_html/bayfiles/storage/framework/views/281c98ce7fa375dca24444d4654829f742c7534b.php on line 54
[24-Sep-2017 04:15:29 UTC] PHP Fatal error:  Call to undefined method Illuminate\Auth\SessionGuard::register() in /home/druklink/public_html/bayfiles/vendor/laravel/framework/src/Illuminate/Auth/AuthManager.php on line 294
[21-Dec-2017 15:47:16 UTC] PHP Fatal error:  Call to a member function delete() on null in /home/druklink/public_html/bayfiles/app/Http/Controllers/BssrController.php on line 499
[21-Dec-2017 22:49:57 UTC] PHP Fatal error:  Call to a member function delete() on null in /home/druklink/public_html/bayfiles/app/Http/Controllers/BssrController.php on line 499
[22-Dec-2017 13:02:02 UTC] PHP Fatal error:  Call to a member function delete() on null in /home/druklink/public_html/bayfiles/app/Http/Controllers/BssrController.php on line 499
[24-Dec-2017 11:47:40 UTC] PHP Fatal error:  Call to a member function delete() on null in /home/druklink/public_html/bayfiles/app/Http/Controllers/BssrController.php on line 499
